name: predict
run_id: commands[0]
env APPDATA: C:\Users\DAOUEDRAOGO\AppData\Roaming
env COMSPEC: C:\Windows\system32\cmd.exe
env NUMBER_OF_PROCESSORS: 16
env PATHEXT: .COM;.EXE;.BAT;.CMD;.VBS;.VBE;.JS;.JSE;.WSF;.WSH;.MSC
env PROCESSOR_ARCHITECTURE: AMD64
env PROGRAMDATA: C:\ProgramData
env PROGRAMFILES: C:\Program Files
env PROGRAMFILES(X86): C:\Program Files (x86)
env SYSTEMDRIVE: C:
env SYSTEMROOT: C:\Windows
env TEMP: C:\Users\DAOUED~1\AppData\Local\Temp
env TMP: C:\Users\DAOUED~1\AppData\Local\Temp
env USERPROFILE: C:\Users\DAOUEDRAOGO
env LANG: en_US.UTF-8
env PATH: C:\Users\DAOUEDRAOGO\Desktop\Sql-20230105T153409Z-001\udemy\titanic\Deployment-titanic-package-MLOPS\.tox\test_package\Scripts;c:\Users\DAOUEDRAOGO\Desktop\Sql-20230105T153409Z-001\udemy\titanic\Deployment-titanic-package-MLOPS\.venv\Scripts;C:\Program Files\NVIDIA GPU Computing Toolkit\CUDA\v10.1\bin;C:\Program Files\NVIDIA GPU Computing Toolkit\CUDA\v10.1\libnvvp;C:\Program Files\NVIDIA GPU Computing Toolkit\CUDA\v10.0\bin;C:\Program Files\NVIDIA GPU Computing Toolkit\CUDA\v10.0\libnvvp;C:\Windows\System32;C:\Users\DAOUEDRAOGO\AppData\Local\Programs\Git\cmd;C:\Program Files (x86)\NVIDIA Corporation\PhysX\Common;C:\Program Files\NVIDIA Corporation\Nsight Compute 2019.1\;C:\Program Files\nodejs\;C:\ProgramData\chocolatey\bin;C:\Program Files\PuTTY\;C:\Users\YourUsername\Anaconda3\envs\lora;;C:\Program Files\Docker\Docker\resources\bin;C:\Program Files\Graphviz\bin;C:\Users\DAOUEDRAOGO\AppData\Local\Programs\Python\Python310\Scripts\;C:\Users\DAOUEDRAOGO\AppData\Local\Programs\Python\Python310\;C:\Users\DAOUEDRAOGO\.cargo\bin;C:\Users\DAOUEDRAOGO\Desktop\Projets_git\Scripts\;C:\Users\DAOUEDRAOGO\Desktop\Projets_git\;C:\Users\DAOUEDRAOGO\Anaconda3;C:\Users\DAOUEDRAOGO\Anaconda3\Library\mingw-w64\bin;C:\Users\DAOUEDRAOGO\Anaconda3\Library\usr\bin;C:\Users\DAOUEDRAOGO\Anaconda3\Library\bin;C:\Users\DAOUEDRAOGO\Anaconda3\Scripts;C:\Users\DAOUEDRAOGO\AppData\Local\Microsoft\WindowsApps;C:\Program Files\CMake\bin;C:\cuda\bin;C:\Windows\System32\WindowsPowerShell\v1.0\;C:\Users\DAOUEDRAOGO\Desktop\Sql-20230105T153409Z-001\udemy\Yolo_computer_vision\darknet-master\ninja;C:\Users\DAOUEDRAOGO\AppData\Local\Programs\Microsoft VS Code\bin;C:\Users\DAOUEDRAOGO\AppData\Roaming\npm;C:\ffmpeg\bin;C:\Program Files\heroku\bin;C:\Users\DAOUEDRAOGO\AppData\Local\GitHubDesktop\bin;C:\Windows;C:\Users\DAOUEDRAOGO\AppData\Local\Programs\Python\Python311;C:\Users\DAOUEDRAOGO\Desktop\Sql-20230105T153409Z-001\udemy\deploying-machine-learning-models\section-05-production-model-package
env PIP_DISABLE_PIP_VERSION_CHECK: 1
env PYTHONIOENCODING: utf-8
env PYTHONPATH: .
env PYTHONHASHSEED: 0
env TOX_ENV_NAME: predict
env TOX_WORK_DIR: C:\Users\DAOUEDRAOGO\Desktop\Sql-20230105T153409Z-001\udemy\titanic\Deployment-titanic-package-MLOPS\.tox
env TOX_ENV_DIR: C:\Users\DAOUEDRAOGO\Desktop\Sql-20230105T153409Z-001\udemy\titanic\Deployment-titanic-package-MLOPS\.tox\test_package
env VIRTUAL_ENV: C:\Users\DAOUEDRAOGO\Desktop\Sql-20230105T153409Z-001\udemy\titanic\Deployment-titanic-package-MLOPS\.tox\test_package
env COLUMNS: 126
env LINES: 9
metadata pid: 1084
cwd: C:\Users\DAOUEDRAOGO\Desktop\Sql-20230105T153409Z-001\udemy\titanic\Deployment-titanic-package-MLOPS
allow: C:\Users\DAOUEDRAOGO\Desktop\Sql-20230105T153409Z-001\udemy\titanic\Deployment-titanic-package-MLOPS\.tox\test_package\Scripts\*:train
cmd: python classification_model/predict.py
exit_code: 1

standard error:
Traceback (most recent call last):
  File "C:\Users\DAOUEDRAOGO\Desktop\Sql-20230105T153409Z-001\udemy\titanic\Deployment-titanic-package-MLOPS\classification_model\predict.py", line 45, in <module>
    make_prediction(data)
TypeError: make_prediction() takes 0 positional arguments but 1 was given
